2025-07-17 23:15:19,348 - INFO - 实验配置:
2025-07-17 23:15:19,348 - INFO -   raw_data_dir: /data/wangzepeng/raw
2025-07-17 23:15:19,348 - INFO -   generated_data_path: /data/wangzepeng/synthesis/generated_graphs.pt
2025-07-17 23:15:19,348 - INFO -   output_dir: /home/wangzepeng/CGD_GNN/results/enhanced_aug_experiment
2025-07-17 23:15:19,348 - INFO -   device: 0
2025-07-17 23:15:19,348 - INFO -   epochs: 200
2025-07-17 23:15:19,348 - INFO -   lr: 0.005
2025-07-17 23:15:19,348 - INFO -   batch_size: 128
2025-07-17 23:15:19,348 - INFO -   hidden_channels: 64
2025-07-17 23:15:19,348 - INFO -   patience: 20
2025-07-17 23:15:19,349 - INFO -   mix_ratios: [0.0, 0.2, 0.4, 0.6, 0.8, 1.0]
2025-07-17 23:15:19,349 - INFO -   noise_level: 0.8
2025-07-17 23:15:19,349 - INFO -   seed: 42
2025-07-17 23:15:19,349 - INFO - 使用设备: cuda:0
2025-07-17 23:15:19,349 - INFO - === 开始加载数据集 ===
2025-07-17 23:15:19,510 - INFO - 原始数据集加载完成: 2368 个样本 (耗时: 0.16s)
2025-07-17 23:15:19,510 - INFO - 数据集信息:
2025-07-17 23:15:19,510 - INFO -   - 节点特征维度: 50
2025-07-17 23:15:19,520 - INFO -   - 类别数量: 7
2025-07-17 23:15:19,526 - INFO -   - 训练集: 1894 样本
2025-07-17 23:15:19,526 - INFO -   - 验证集: 237 样本
2025-07-17 23:15:19,526 - INFO -   - 测试集: 237 样本
2025-07-17 23:15:22,357 - INFO - 生成数据加载完成 (耗时: 2.83s)
2025-07-17 23:15:22,357 - INFO - 数据类型: <class 'list'>
2025-07-17 23:15:22,358 - INFO - 直接加载 7000 个图样本
2025-07-17 23:15:22,358 - INFO - 
开始执行 6 个实验...
2025-07-17 23:15:22,358 - INFO - 
进度: 1/6
2025-07-17 23:15:22,358 - INFO - 
========================= 开始实验: Mix Ratio = 0.0 =========================
2025-07-17 23:15:22,365 - INFO - 创建混合数据集 (mix_ratio=0.0)
2025-07-17 23:15:22,365 - INFO - 仅使用原始训练集
2025-07-17 23:15:22,400 - INFO - 创建OOD测试集: 237 样本 (噪声水平: 0.8)
2025-07-17 23:15:23,167 - INFO - 模型参数总数: 16,199
2025-07-17 23:15:23,167 - INFO - 开始训练...
2025-07-17 23:15:45,950 - INFO - 训练完成! 总耗时: 22.78s, 最佳轮次: 23
2025-07-17 23:15:45,955 - INFO - 已加载最佳模型进行最终评估
2025-07-17 23:15:46,043 - INFO - 保存实验结果...
2025-07-17 23:15:46,045 - INFO - 模型已保存: /home/wangzepeng/CGD_GNN/results/enhanced_aug_experiment/ratio_0.00/gcn_model_final_mix_0.00.pth
2025-07-17 23:15:46,063 - INFO - 训练历史已保存: /home/wangzepeng/CGD_GNN/results/enhanced_aug_experiment/ratio_0.00/detailed_training_history_mix_0.00.csv
2025-07-17 23:15:58,007 - INFO - 
============================================================
2025-07-17 23:15:58,008 - INFO - 实验完成 - Mix Ratio: 0.0
2025-07-17 23:15:58,008 - INFO - ============================================================
2025-07-17 23:15:58,008 - INFO - 最佳轮次: 23
2025-07-17 23:15:58,008 - INFO - 验证集: Acc=0.4093, F1=0.2270
2025-07-17 23:15:58,008 - INFO - 测试集(Clean): Acc=0.3797, F1=0.2069
2025-07-17 23:15:58,008 - INFO - 测试集(Noisy): Acc=0.3122, F1=0.1703
2025-07-17 23:15:58,008 - INFO - ============================================================
2025-07-17 23:15:58,010 - INFO - 
进度: 2/6
2025-07-17 23:15:58,010 - INFO - 
========================= 开始实验: Mix Ratio = 0.2 =========================
2025-07-17 23:15:58,017 - INFO - 创建混合数据集 (mix_ratio=0.2)
2025-07-17 23:15:58,029 - INFO - 数据混合详情:
2025-07-17 23:15:58,029 - INFO -   - 原始样本: 1894
2025-07-17 23:15:58,029 - INFO -   - 添加生成样本: 1400 (占生成数据的 20%)
2025-07-17 23:15:58,029 - INFO -   - 混合后总样本: 3294
2025-07-17 23:15:58,030 - INFO - 原始数据类别分布: {2: 256, 0: 413, 6: 121, 4: 245, 1: 233, 3: 417, 5: 209}
2025-07-17 23:15:58,030 - INFO - 添加数据类别分布: {5: 202, 0: 201, 6: 190, 2: 215, 1: 192, 4: 198, 3: 202}
2025-07-17 23:15:58,049 - INFO - 创建OOD测试集: 237 样本 (噪声水平: 0.8)
2025-07-17 23:15:58,064 - INFO - 模型参数总数: 16,199
2025-07-17 23:15:58,064 - INFO - 开始训练...
2025-07-17 23:16:19,334 - INFO - 训练完成! 总耗时: 21.27s, 最佳轮次: 10
2025-07-17 23:16:19,346 - INFO - 已加载最佳模型进行最终评估
2025-07-17 23:16:19,450 - INFO - 保存实验结果...
2025-07-17 23:16:19,453 - INFO - 模型已保存: /home/wangzepeng/CGD_GNN/results/enhanced_aug_experiment/ratio_0.20/gcn_model_final_mix_0.20.pth
2025-07-17 23:16:19,456 - INFO - 训练历史已保存: /home/wangzepeng/CGD_GNN/results/enhanced_aug_experiment/ratio_0.20/detailed_training_history_mix_0.20.csv
2025-07-17 23:16:26,063 - INFO - 
============================================================
2025-07-17 23:16:26,097 - INFO - 实验完成 - Mix Ratio: 0.2
2025-07-17 23:16:26,127 - INFO - ============================================================
2025-07-17 23:16:26,128 - INFO - 最佳轮次: 10
2025-07-17 23:16:26,128 - INFO - 验证集: Acc=0.5274, F1=0.3838
2025-07-17 23:16:26,128 - INFO - 测试集(Clean): Acc=0.5443, F1=0.3883
2025-07-17 23:16:26,128 - INFO - 测试集(Noisy): Acc=0.4557, F1=0.3301
2025-07-17 23:16:26,128 - INFO - ============================================================
2025-07-17 23:16:26,132 - INFO - 
进度: 3/6
2025-07-17 23:16:26,132 - INFO - 
========================= 开始实验: Mix Ratio = 0.4 =========================
2025-07-17 23:16:26,164 - INFO - 创建混合数据集 (mix_ratio=0.4)
2025-07-17 23:16:26,214 - INFO - 数据混合详情:
2025-07-17 23:16:26,219 - INFO -   - 原始样本: 1894
2025-07-17 23:16:26,219 - INFO -   - 添加生成样本: 2800 (占生成数据的 40%)
2025-07-17 23:16:26,220 - INFO -   - 混合后总样本: 4694
2025-07-17 23:16:26,220 - INFO - 原始数据类别分布: {2: 256, 0: 413, 6: 121, 4: 245, 1: 233, 3: 417, 5: 209}
2025-07-17 23:16:26,221 - INFO - 添加数据类别分布: {3: 404, 0: 389, 4: 410, 1: 392, 5: 411, 2: 390, 6: 404}
2025-07-17 23:16:26,273 - INFO - 创建OOD测试集: 237 样本 (噪声水平: 0.8)
2025-07-17 23:16:26,344 - INFO - 模型参数总数: 16,199
2025-07-17 23:16:26,348 - INFO - 开始训练...
